2023-03-17 19:00:58  [          ] File    : D:\AOI_Reduce_Axis\MyTools\bin\x64\Debug\MyTools.vshost.exe
2023-03-17 19:00:58  [          ] Version : 14.0.23107.0
2023-03-17 19:00:58  [          ] (TCenter1.Create)Listen Port ÔOžé 6211
2023-03-17 19:00:58  [          ] (TCenter1.Create)Create Start
2023-03-17 19:00:58  [          ] (TThreadTCPServerPCClient.ServerSocketListen)TCP/IP Server Listening with :6211
2023-03-17 19:00:58  [          ] (TCenter1.Create)Create Over
2023-03-17 19:00:58  [          ] (SajetTransStartType)Function Execute Over
2023-03-17 19:01:59  [          ] File    : D:\AOI_Reduce_Axis\MyTools\bin\x64\Debug\MyTools.vshost.exe
2023-03-17 19:01:59  [          ] Version : 14.0.23107.0
2023-03-17 19:01:59  [          ] (TCenter1.Create)Listen Port ÔOžé 6211
2023-03-17 19:01:59  [          ] (TCenter1.Create)Create Start
2023-03-17 19:01:59  [          ] (TThreadTCPServerPCClient.ServerSocketListen)TCP/IP Server Listening with :6211
2023-03-17 19:01:59  [          ] (TCenter1.Create)Create Over
2023-03-17 19:01:59  [          ] (SajetTransStartType)Function Execute Over
2023-03-17 19:02:21  [          ] (SajetTransferData)Function Execute Start [P:4][C:1][L:1][Data:3B-]
2023-03-17 19:02:21  [          ] (SajetTransferData)Command Data - ¡¾1¡¿;
2023-03-17 19:02:21  [ERROR     ] (TThreadTCPServerPCClient.sendDataToRemote)Remote Server Not Exist
2023-03-17 19:02:21  [WARRING   ] (SajetTransferData)Command Result - ¡¾NG¡¿¡¾1¡¿Remote Server Not Exist
2023-03-17 19:02:27  [          ] SajetTransClose±»ºô½Ð
2023-03-17 19:02:27  [          ] (TCenter1.Destroy)Destroy Start
2023-03-17 19:02:27  [          ] (TThreadTCPServerPCClient.Destroy)Cloes TCP/IP Server Start
2023-03-17 19:02:27  [          ] (TThreadTCPServerPCClient.Destroy)Cloes TCP/IP Server Over
2023-03-17 19:02:27  [          ] (TCenter1.Destroy)Destroy Over
2023-03-17 19:02:27  [          ] (TThreadTCPServerRsv.Destroy)Destroy Send Thread Start
2023-03-17 19:02:27  [          ] (TThreadTCPServerRsv.Destroy)Destroy Send Thread Over
2023-03-17 19:05:22  [          ] File    : D:\AOI_Reduce_Axis\MyTools\bin\x64\Debug\MyTools.vshost.exe
2023-03-17 19:05:22  [          ] Version : 14.0.23107.0
2023-03-17 19:05:22  [          ] (TCenter1.Create)Listen Port ÔOžé 6211
2023-03-17 19:05:22  [          ] (TCenter1.Create)Create Start
2023-03-17 19:05:22  [          ] (TThreadTCPServerPCClient.ServerSocketListen)TCP/IP Server Listening with :6211
2023-03-17 19:05:22  [          ] (TCenter1.Create)Create Over
2023-03-17 19:05:22  [          ] (SajetTransStartType)Function Execute Over
2023-03-17 19:05:49  [          ] SajetTransClose±»ºô½Ð
2023-03-17 19:05:49  [          ] (TCenter1.Destroy)Destroy Start
2023-03-17 19:05:49  [          ] (TThreadTCPServerPCClient.Destroy)Cloes TCP/IP Server Start
2023-03-17 19:05:49  [          ] (TThreadTCPServerPCClient.Destroy)Cloes TCP/IP Server Over
2023-03-17 19:05:49  [          ] (TCenter1.Destroy)Destroy Over
2023-03-17 19:05:49  [          ] (TThreadTCPServerRsv.Destroy)Destroy Send Thread Start
2023-03-17 19:05:49  [          ] (TThreadTCPServerRsv.Destroy)Destroy Send Thread Over
2023-03-17 19:29:14  [          ] File    : D:\AOI_Reduce_Axis\MyTools\bin\x64\Debug\MyTools.vshost.exe
2023-03-17 19:29:14  [          ] Version : 14.0.23107.0
2023-03-17 19:29:14  [          ] (TCenter1.Create)Listen Port ÔOžé 6211
2023-03-17 19:29:14  [          ] (TCenter1.Create)Create Start
2023-03-17 19:29:14  [          ] (TThreadTCPServerPCClient.ServerSocketListen)TCP/IP Server Listening with :6211
2023-03-17 19:29:14  [          ] (TCenter1.Create)Create Over
2023-03-17 19:29:14  [          ] (SajetTransStartType)Function Execute Over
2023-03-17 19:29:33  [          ] SajetTransClose±»ºô½Ð
2023-03-17 19:29:33  [          ] (TCenter1.Destroy)Destroy Start
2023-03-17 19:29:33  [          ] (TThreadTCPServerPCClient.Destroy)Cloes TCP/IP Server Start
2023-03-17 19:29:33  [          ] (TThreadTCPServerPCClient.Destroy)Cloes TCP/IP Server Over
2023-03-17 19:29:33  [          ] (TCenter1.Destroy)Destroy Over
2023-03-17 19:29:33  [          ] (TThreadTCPServerRsv.Destroy)Destroy Send Thread Start
2023-03-17 19:29:33  [          ] (TThreadTCPServerRsv.Destroy)Destroy Send Thread Over
2023-03-17 19:35:46  [          ] File    : D:\AOI_Reduce_Axis\MyTools\bin\x64\Debug\MyTools.vshost.exe
2023-03-17 19:35:46  [          ] Version : 14.0.23107.0
2023-03-17 19:35:46  [          ] (TCenter1.Create)Listen Port ÔOžé 6211
2023-03-17 19:35:46  [          ] (TCenter1.Create)Create Start
2023-03-17 19:35:46  [          ] (TThreadTCPServerPCClient.ServerSocketListen)TCP/IP Server Listening with :6211
2023-03-17 19:35:46  [          ] (TCenter1.Create)Create Over
2023-03-17 19:35:46  [          ] (SajetTransStartType)Function Execute Over
2023-03-17 19:35:59  [          ] (SajetTransferData)Function Execute Start [P:4][C:1][L:1][Data:3B-]
2023-03-17 19:35:59  [          ] (SajetTransferData)Command Data - ¡¾1¡¿;
2023-03-17 19:35:59  [ERROR     ] (TThreadTCPServerPCClient.sendDataToRemote)Remote Server Not Exist
2023-03-17 19:35:59  [WARRING   ] (SajetTransferData)Command Result - ¡¾NG¡¿¡¾1¡¿Remote Server Not Exist
2023-03-17 19:36:03  [          ] SajetTransClose±»ºô½Ð
2023-03-17 19:36:03  [          ] (TCenter1.Destroy)Destroy Start
2023-03-17 19:36:03  [          ] (TThreadTCPServerPCClient.Destroy)Cloes TCP/IP Server Start
2023-03-17 19:36:03  [          ] (TThreadTCPServerPCClient.Destroy)Cloes TCP/IP Server Over
2023-03-17 19:36:03  [          ] (TCenter1.Destroy)Destroy Over
2023-03-17 19:36:03  [          ] (TThreadTCPServerRsv.Destroy)Destroy Send Thread Start
2023-03-17 19:36:03  [          ] (TThreadTCPServerRsv.Destroy)Destroy Send Thread Over
2023-03-17 19:37:32  [          ] File    : D:\AOI_Reduce_Axis\MyTools\bin\x64\Debug\MyTools.vshost.exe
2023-03-17 19:37:32  [          ] Version : 14.0.23107.0
2023-03-17 19:37:32  [          ] (TCenter1.Create)Listen Port ÔOžé 6211
2023-03-17 19:37:32  [          ] (TCenter1.Create)Create Start
2023-03-17 19:37:32  [          ] (TThreadTCPServerPCClient.ServerSocketListen)TCP/IP Server Listening with :6211
2023-03-17 19:37:32  [          ] (TCenter1.Create)Create Over
2023-03-17 19:37:32  [          ] (SajetTransStartType)Function Execute Over
2023-03-17 19:37:41  [          ] (SajetTransferData)Function Execute Start [P:4][C:1][L:1][Data:3B-]
2023-03-17 19:37:41  [          ] (SajetTransferData)Command Data - ¡¾1¡¿;
2023-03-17 19:37:41  [ERROR     ] (TThreadTCPServerPCClient.sendDataToRemote)Remote Server Not Exist
2023-03-17 19:37:41  [WARRING   ] (SajetTransferData)Command Result - ¡¾NG¡¿¡¾1¡¿Remote Server Not Exist
2023-03-17 19:37:44  [          ] SajetTransClose±»ºô½Ð
2023-03-17 19:37:44  [          ] (TCenter1.Destroy)Destroy Start
2023-03-17 19:37:44  [          ] (TThreadTCPServerPCClient.Destroy)Cloes TCP/IP Server Start
2023-03-17 19:37:44  [          ] (TThreadTCPServerPCClient.Destroy)Cloes TCP/IP Server Over
2023-03-17 19:37:44  [          ] (TThreadTCPServerRsv.Destroy)Destroy Send Thread Start
2023-03-17 19:37:44  [          ] (TCenter1.Destroy)Destroy Over
2023-03-17 19:37:44  [          ] (TThreadTCPServerRsv.Destroy)Destroy Send Thread Over
2023-03-17 19:56:08  [          ] File    : D:\AOI_Reduce_Axis\MyTools\bin\x64\Debug\MyTools.vshost.exe
2023-03-17 19:56:08  [          ] Version : 14.0.23107.0
2023-03-17 19:56:08  [          ] (TCenter1.Create)Listen Port ÔOžé 6211
2023-03-17 19:56:08  [          ] (TCenter1.Create)Create Start
2023-03-17 19:56:08  [          ] (TThreadTCPServerPCClient.ServerSocketListen)TCP/IP Server Listening with :6211
2023-03-17 19:56:08  [          ] (TCenter1.Create)Create Over
2023-03-17 19:56:08  [          ] (SajetTransStartType)Function Execute Over
2023-03-17 19:56:54  [          ] (SajetTransferData)Function Execute Start [P:4][C:1][L:1][Data:3B-]
2023-03-17 19:56:54  [          ] (SajetTransferData)Command Data - ¡¾1¡¿;
2023-03-17 19:56:54  [ERROR     ] (TThreadTCPServerPCClient.sendDataToRemote)Remote Server Not Exist
2023-03-17 19:56:54  [WARRING   ] (SajetTransferData)Command Result - ¡¾NG¡¿¡¾1¡¿Remote Server Not Exist
