2023-03-18 10:18:38  [          ] File    : D:\AOI_Reduce_Axis\MyTools\bin\x64\Debug\MyTools.vshost.exe
2023-03-18 10:18:38  [          ] Version : 14.0.23107.0
2023-03-18 10:18:38  [          ] (TCenter1.Create)Listen Port ÔOžé 6211
2023-03-18 10:18:38  [          ] (TCenter1.Create)Create Start
2023-03-18 10:18:38  [          ] (TThreadTCPServerPCClient.ServerSocketListen)TCP/IP Server Listening with :6211
2023-03-18 10:18:38  [          ] (TCenter1.Create)Create Over
2023-03-18 10:18:38  [          ] (SajetTransStartType)Function Execute Over
2023-03-18 10:18:39  [          ] SajetTransClose±»ºô½Ð
2023-03-18 10:18:39  [          ] (TCenter1.Destroy)Destroy Start
2023-03-18 10:18:39  [          ] (TThreadTCPServerPCClient.Destroy)Cloes TCP/IP Server Start
2023-03-18 10:20:57  [          ] File    : D:\AOI_Reduce_Axis\MyTools\bin\x64\Debug\MyTools.vshost.exe
2023-03-18 10:20:57  [          ] Version : 14.0.23107.0
2023-03-18 10:20:57  [          ] (TCenter1.Create)Listen Port ÔOžé 6211
2023-03-18 10:20:57  [          ] (TCenter1.Create)Create Start
2023-03-18 10:20:57  [          ] (TThreadTCPServerPCClient.ServerSocketListen)TCP/IP Server Listening with :6211
2023-03-18 10:20:57  [          ] (TCenter1.Create)Create Over
2023-03-18 10:20:57  [          ] (SajetTransStartType)Function Execute Over
2023-03-18 10:21:22  [          ] SajetTransClose±»ºô½Ð
2023-03-18 10:21:22  [          ] (TCenter1.Destroy)Destroy Start
2023-03-18 10:21:22  [          ] (TThreadTCPServerPCClient.Destroy)Cloes TCP/IP Server Start
2023-03-18 10:21:22  [          ] (TThreadTCPServerPCClient.Destroy)Cloes TCP/IP Server Over
2023-03-18 10:21:22  [          ] (TCenter1.Destroy)Destroy Over
2023-03-18 10:21:22  [          ] (TThreadTCPServerRsv.Destroy)Destroy Send Thread Start
2023-03-18 10:21:22  [          ] (TThreadTCPServerRsv.Destroy)Destroy Send Thread Over
2023-03-18 10:21:22  [          ] File    : D:\AOI_Reduce_Axis\MyTools\bin\x64\Debug\MyTools.vshost.exe
2023-03-18 10:21:22  [          ] Version : 14.0.23107.0
2023-03-18 10:21:22  [          ] (TCenter1.Create)Listen Port ÔOžé 6211
2023-03-18 10:21:22  [          ] (TCenter1.Create)Create Start
2023-03-18 10:21:22  [          ] (TThreadTCPServerPCClient.ServerSocketListen)TCP/IP Server Listening with :6211
2023-03-18 10:21:22  [          ] (TCenter1.Create)Create Over
2023-03-18 10:21:22  [          ] (SajetTransStartType)Function Execute Over
2023-03-18 10:21:23  [          ] SajetTransClose±»ºô½Ð
2023-03-18 10:21:23  [          ] (TCenter1.Destroy)Destroy Start
2023-03-18 10:21:23  [          ] (TThreadTCPServerPCClient.Destroy)Cloes TCP/IP Server Start
2023-03-18 10:21:23  [          ] (TThreadTCPServerPCClient.Destroy)Cloes TCP/IP Server Over
2023-03-18 10:21:23  [          ] (TCenter1.Destroy)Destroy Over
2023-03-18 10:21:23  [          ] (TThreadTCPServerRsv.Destroy)Destroy Send Thread Start
2023-03-18 10:21:23  [          ] (TThreadTCPServerRsv.Destroy)Destroy Send Thread Over
2023-03-18 10:21:23  [          ] File    : D:\AOI_Reduce_Axis\MyTools\bin\x64\Debug\MyTools.vshost.exe
2023-03-18 10:21:23  [          ] Version : 14.0.23107.0
2023-03-18 10:21:23  [          ] (TCenter1.Create)Listen Port ÔOžé 6211
2023-03-18 10:21:23  [          ] (TCenter1.Create)Create Start
2023-03-18 10:21:23  [          ] (TThreadTCPServerPCClient.ServerSocketListen)TCP/IP Server Listening with :6211
2023-03-18 10:21:23  [          ] (TCenter1.Create)Create Over
2023-03-18 10:21:23  [          ] (SajetTransStartType)Function Execute Over
2023-03-18 10:21:24  [          ] SajetTransClose±»ºô½Ð
2023-03-18 10:21:24  [          ] (TCenter1.Destroy)Destroy Start
2023-03-18 10:21:24  [          ] (TThreadTCPServerPCClient.Destroy)Cloes TCP/IP Server Start
2023-03-18 10:21:24  [          ] (TThreadTCPServerPCClient.Destroy)Cloes TCP/IP Server Over
2023-03-18 10:21:24  [          ] (TThreadTCPServerRsv.Destroy)Destroy Send Thread Start
2023-03-18 10:21:24  [          ] (TCenter1.Destroy)Destroy Over
2023-03-18 10:21:24  [          ] (TThreadTCPServerRsv.Destroy)Destroy Send Thread Over
2023-03-18 10:21:27  [          ] File    : D:\AOI_Reduce_Axis\MyTools\bin\x64\Debug\MyTools.vshost.exe
2023-03-18 10:21:27  [          ] Version : 14.0.23107.0
2023-03-18 10:21:27  [          ] (TCenter1.Create)Listen Port ÔOžé 6211
2023-03-18 10:21:27  [          ] (TCenter1.Create)Create Start
2023-03-18 10:21:27  [          ] (TThreadTCPServerPCClient.ServerSocketListen)TCP/IP Server Listening with :6211
2023-03-18 10:21:27  [          ] (TCenter1.Create)Create Over
2023-03-18 10:21:27  [          ] (SajetTransStartType)Function Execute Over
