2023-03-09 16:52:14  [          ] File    : E:\2328-334&407&500\AOI\AOI_Reduce_Axis\MyTools\bin\x64\Debug\MyTools.exe
2023-03-09 16:52:14  [          ] Version : 1.0.0.0
2023-03-09 16:52:14  [          ] (TCenter1.Create)Listen Port ÔOžé 6211
2023-03-09 16:52:14  [          ] (TCenter1.Create)Create Start
2023-03-09 16:52:14  [          ] (TThreadTCPServerPCClient.ServerSocketListen)TCP/IP Server Listening with :6211
2023-03-09 16:52:14  [          ] (TCenter1.Create)Create Over
2023-03-09 16:52:14  [          ] (SajetTransStartType)Function Execute Over
2023-03-09 16:55:21  [          ] File    : E:\2328-334&407&500\AOI\AOI_Reduce_Axis\MyTools\bin\x64\Debug\MyTools.exe
2023-03-09 16:55:21  [          ] Version : 1.0.0.0
2023-03-09 16:55:21  [          ] (TCenter1.Create)Listen Port ÔOžé 6211
2023-03-09 16:55:21  [          ] (TCenter1.Create)Create Start
2023-03-09 16:55:21  [          ] (TThreadTCPServerPCClient.ServerSocketListen)TCP/IP Server Listening with :6211
2023-03-09 16:55:21  [          ] (TCenter1.Create)Create Over
2023-03-09 16:55:21  [          ] (SajetTransStartType)Function Execute Over
2023-03-09 16:58:10  [          ] File    : E:\2328-334&407&500\AOI\AOI_Reduce_Axis\MyTools\bin\x64\Debug\MyTools.exe
2023-03-09 16:58:10  [          ] Version : 1.0.0.0
2023-03-09 16:58:10  [          ] (TCenter1.Create)Listen Port ÔOžé 6211
2023-03-09 16:58:10  [          ] (TCenter1.Create)Create Start
2023-03-09 16:58:10  [          ] (TThreadTCPServerPCClient.ServerSocketListen)TCP/IP Server Listening with :6211
2023-03-09 16:58:10  [          ] (TCenter1.Create)Create Over
2023-03-09 16:58:10  [          ] (SajetTransStartType)Function Execute Over
