2023-03-09 15:22:00  [          ] File    : E:\2328-334&407&500\AOI\AOI_Reduce_Axis\MyTools\bin\x64\Debug\MyTools.exe
2023-03-09 15:22:00  [          ] Version : 1.0.0.0
2023-03-09 15:22:00  [          ] (TCenter1.Create)Listen Port ÔOžé 6211
2023-03-09 15:22:00  [          ] (TCenter1.Create)Create Start
2023-03-09 15:22:00  [          ] (TThreadTCPServerPCClient.ServerSocketListen)TCP/IP Server Listening with :6211
2023-03-09 15:22:00  [          ] (TCenter1.Create)Create Over
2023-03-09 15:22:00  [          ] (SajetTransStartType)Function Execute Over
2023-03-09 15:27:25  [          ] File    : E:\2328-334&407&500\AOI\AOI_Reduce_Axis\MyTools\bin\x64\Debug\MyTools.exe
2023-03-09 15:27:25  [          ] Version : 1.0.0.0
2023-03-09 15:27:25  [          ] (TCenter1.Create)Listen Port ÔOžé 6211
2023-03-09 15:27:25  [          ] (TCenter1.Create)Create Start
2023-03-09 15:27:25  [          ] (TThreadTCPServerPCClient.ServerSocketListen)TCP/IP Server Listening with :6211
2023-03-09 15:27:25  [          ] (TCenter1.Create)Create Over
2023-03-09 15:27:25  [          ] (SajetTransStartType)Function Execute Over
2023-03-09 15:29:12  [          ] File    : E:\2328-334&407&500\AOI\AOI_Reduce_Axis\MyTools\bin\x64\Debug\MyTools.exe
2023-03-09 15:29:12  [          ] Version : 1.0.0.0
2023-03-09 15:29:12  [          ] (TCenter1.Create)Listen Port ÔOžé 6211
2023-03-09 15:29:12  [          ] (TCenter1.Create)Create Start
2023-03-09 15:29:12  [          ] (TThreadTCPServerPCClient.ServerSocketListen)TCP/IP Server Listening with :6211
2023-03-09 15:29:12  [          ] (TCenter1.Create)Create Over
2023-03-09 15:29:12  [          ] (SajetTransStartType)Function Execute Over
2023-03-09 15:29:35  [          ] File    : E:\2328-334&407&500\AOI\AOI_Reduce_Axis\MyTools\bin\x64\Debug\MyTools.exe
2023-03-09 15:29:35  [          ] Version : 1.0.0.0
2023-03-09 15:29:35  [          ] (TCenter1.Create)Listen Port ÔOžé 6211
2023-03-09 15:29:35  [          ] (TCenter1.Create)Create Start
2023-03-09 15:29:35  [          ] (TThreadTCPServerPCClient.ServerSocketListen)TCP/IP Server Listening with :6211
2023-03-09 15:29:35  [          ] (TCenter1.Create)Create Over
2023-03-09 15:29:35  [          ] (SajetTransStartType)Function Execute Over
