2023-03-10 10:47:37  [          ] File    : E:\2328-334&407&500\AOI\AOI_Reduce_Axis\MyTools\bin\x64\Debug\MyTools.exe
2023-03-10 10:47:37  [          ] Version : 1.0.0.0
2023-03-10 10:47:37  [          ] (TCenter1.Create)Listen Port ÔOžé 6211
2023-03-10 10:47:37  [          ] (TCenter1.Create)Create Start
2023-03-10 10:47:37  [          ] (TThreadTCPServerPCClient.ServerSocketListen)TCP/IP Server Listening with :6211
2023-03-10 10:47:37  [          ] (TCenter1.Create)Create Over
2023-03-10 10:47:37  [          ] (SajetTransStartType)Function Execute Over
2023-03-10 10:49:58  [          ] File    : E:\2328-334&407&500\AOI\AOI_Reduce_Axis\MyTools\bin\x64\Debug\MyTools.exe
2023-03-10 10:49:58  [          ] Version : 1.0.0.0
2023-03-10 10:49:58  [          ] (TCenter1.Create)Listen Port ÔOžé 6211
2023-03-10 10:49:58  [          ] (TCenter1.Create)Create Start
2023-03-10 10:49:58  [          ] (TThreadTCPServerPCClient.ServerSocketListen)TCP/IP Server Listening with :6211
2023-03-10 10:49:58  [          ] (TCenter1.Create)Create Over
2023-03-10 10:49:58  [          ] (SajetTransStartType)Function Execute Over
2023-03-10 10:50:21  [          ] File    : E:\2328-334&407&500\AOI\AOI_Reduce_Axis\MyTools\bin\x64\Debug\MyTools.exe
2023-03-10 10:50:21  [          ] Version : 1.0.0.0
2023-03-10 10:50:21  [          ] (TCenter1.Create)Listen Port ÔOžé 6211
2023-03-10 10:50:21  [          ] (TCenter1.Create)Create Start
2023-03-10 10:50:21  [          ] (TThreadTCPServerPCClient.ServerSocketListen)TCP/IP Server Listening with :6211
2023-03-10 10:50:21  [          ] (TCenter1.Create)Create Over
2023-03-10 10:50:21  [          ] (SajetTransStartType)Function Execute Over
2023-03-10 10:52:31  [          ] File    : E:\2328-334&407&500\AOI\AOI_Reduce_Axis\MyTools\bin\x64\Debug\MyTools.exe
2023-03-10 10:52:31  [          ] Version : 1.0.0.0
2023-03-10 10:52:31  [          ] (TCenter1.Create)Listen Port ÔOžé 6211
2023-03-10 10:52:31  [          ] (TCenter1.Create)Create Start
2023-03-10 10:52:31  [          ] (TThreadTCPServerPCClient.ServerSocketListen)TCP/IP Server Listening with :6211
2023-03-10 10:52:31  [          ] (TCenter1.Create)Create Over
2023-03-10 10:52:31  [          ] (SajetTransStartType)Function Execute Over
2023-03-10 10:56:11  [          ] File    : E:\2328-334&407&500\AOI\AOI_Reduce_Axis\MyTools\bin\x64\Debug\MyTools.exe
2023-03-10 10:56:11  [          ] Version : 1.0.0.0
2023-03-10 10:56:11  [          ] (TCenter1.Create)Listen Port ÔOžé 6211
2023-03-10 10:56:11  [          ] (TCenter1.Create)Create Start
2023-03-10 10:56:11  [          ] (TThreadTCPServerPCClient.ServerSocketListen)TCP/IP Server Listening with :6211
2023-03-10 10:56:11  [          ] (TCenter1.Create)Create Over
2023-03-10 10:56:11  [          ] (SajetTransStartType)Function Execute Over
2023-03-10 10:58:16  [          ] File    : E:\2328-334&407&500\AOI\AOI_Reduce_Axis\MyTools\bin\x64\Debug\MyTools.exe
2023-03-10 10:58:16  [          ] Version : 1.0.0.0
2023-03-10 10:58:16  [          ] (TCenter1.Create)Listen Port ÔOžé 6211
2023-03-10 10:58:16  [          ] (TCenter1.Create)Create Start
2023-03-10 10:58:16  [          ] (TThreadTCPServerPCClient.ServerSocketListen)TCP/IP Server Listening with :6211
2023-03-10 10:58:16  [          ] (TCenter1.Create)Create Over
2023-03-10 10:58:16  [          ] (SajetTransStartType)Function Execute Over
2023-03-10 10:58:37  [          ] File    : E:\2328-334&407&500\AOI\AOI_Reduce_Axis\MyTools\bin\x64\Debug\MyTools.exe
2023-03-10 10:58:37  [          ] Version : 1.0.0.0
2023-03-10 10:58:37  [          ] (TCenter1.Create)Listen Port ÔOžé 6211
2023-03-10 10:58:37  [          ] (TCenter1.Create)Create Start
2023-03-10 10:58:37  [          ] (TThreadTCPServerPCClient.ServerSocketListen)TCP/IP Server Listening with :6211
2023-03-10 10:58:37  [          ] (TCenter1.Create)Create Over
2023-03-10 10:58:37  [          ] (SajetTransStartType)Function Execute Over
