2023-03-18 09:03:27  [          ] File    : D:\AOI_Reduce_Axis\MyTools\bin\x64\Debug\MyTools.vshost.exe
2023-03-18 09:03:27  [          ] Version : 14.0.23107.0
2023-03-18 09:03:27  [          ] (TCenter1.Create)Listen Port ÔOžé 6211
2023-03-18 09:03:27  [          ] (TCenter1.Create)Create Start
2023-03-18 09:03:27  [          ] (TThreadTCPServerPCClient.ServerSocketListen)TCP/IP Server Listening with :6211
2023-03-18 09:03:27  [          ] (TCenter1.Create)Create Over
2023-03-18 09:03:27  [          ] (SajetTransStartType)Function Execute Over
2023-03-18 09:03:49  [          ] (SajetTransferData)Function Execute Start [P:4][C:1][L:1][Data:3B-]
2023-03-18 09:03:49  [          ] (SajetTransferData)Command Data - ¡¾1¡¿;
2023-03-18 09:03:49  [ERROR     ] (TThreadTCPServerPCClient.sendDataToRemote)Remote Server Not Exist
2023-03-18 09:03:49  [WARRING   ] (SajetTransferData)Command Result - ¡¾NG¡¿¡¾1¡¿Remote Server Not Exist
2023-03-18 09:03:54  [          ] SajetTransClose±»ºô½Ð
2023-03-18 09:03:54  [          ] (TCenter1.Destroy)Destroy Start
2023-03-18 09:03:54  [          ] (TThreadTCPServerPCClient.Destroy)Cloes TCP/IP Server Start
2023-03-18 09:03:54  [          ] (TThreadTCPServerPCClient.Destroy)Cloes TCP/IP Server Over
2023-03-18 09:03:54  [          ] (TThreadTCPServerRsv.Destroy)Destroy Send Thread Start
2023-03-18 09:03:54  [          ] (TCenter1.Destroy)Destroy Over
2023-03-18 09:03:54  [          ] (TThreadTCPServerRsv.Destroy)Destroy Send Thread Over
2023-03-18 09:54:13  [          ] File    : D:\AOI_Reduce_Axis\MyTools\bin\x64\Debug\MyTools.vshost.exe
2023-03-18 09:54:13  [          ] Version : 14.0.23107.0
2023-03-18 09:54:13  [          ] (TCenter1.Create)Listen Port ÔOžé 6211
2023-03-18 09:54:13  [          ] (TCenter1.Create)Create Start
2023-03-18 09:54:13  [          ] (TThreadTCPServerPCClient.ServerSocketListen)TCP/IP Server Listening with :6211
2023-03-18 09:54:13  [          ] (TCenter1.Create)Create Over
2023-03-18 09:54:13  [          ] (SajetTransStartType)Function Execute Over
2023-03-18 09:54:44  [          ] (SajetTransferData)Function Execute Start [P:4][C:1][L:1][Data:3B-]
2023-03-18 09:54:44  [          ] (SajetTransferData)Command Data - ¡¾1¡¿;
2023-03-18 09:54:44  [ERROR     ] (TThreadTCPServerPCClient.sendDataToRemote)Remote Server Not Exist
2023-03-18 09:54:44  [WARRING   ] (SajetTransferData)Command Result - ¡¾NG¡¿¡¾1¡¿Remote Server Not Exist
2023-03-18 09:54:48  [          ] SajetTransClose±»ºô½Ð
2023-03-18 09:54:48  [          ] (TCenter1.Destroy)Destroy Start
2023-03-18 09:54:48  [          ] (TThreadTCPServerPCClient.Destroy)Cloes TCP/IP Server Start
2023-03-18 09:54:48  [          ] (TThreadTCPServerPCClient.Destroy)Cloes TCP/IP Server Over
2023-03-18 09:54:48  [          ] (TCenter1.Destroy)Destroy Over
2023-03-18 09:54:48  [          ] (TThreadTCPServerRsv.Destroy)Destroy Send Thread Start
2023-03-18 09:54:48  [          ] (TThreadTCPServerRsv.Destroy)Destroy Send Thread Over
