2023-03-17 09:11:46  [          ] File    : G:\2328-334&407&500\AOI\AOI_Reduce_Axis\MyTools\bin\x64\Debug\MyTools.vshost.exe
2023-03-17 09:11:46  [          ] Version : 14.0.23107.0
2023-03-17 09:11:46  [          ] (TCenter1.Create)Listen Port ÔOžé 6211
2023-03-17 09:11:46  [          ] (TCenter1.Create)Create Start
2023-03-17 09:11:46  [          ] (TThreadTCPServerPCClient.ServerSocketListen)TCP/IP Server Listening with :6211
2023-03-17 09:11:46  [          ] (TCenter1.Create)Create Over
2023-03-17 09:11:46  [          ] (SajetTransStartType)Function Execute Over
2023-03-17 09:22:12  [          ] File    : D:\AOI_Reduce_Axis\MyTools\bin\x64\Debug\MyTools.vshost.exe
2023-03-17 09:22:12  [          ] Version : 14.0.23107.0
2023-03-17 09:22:12  [          ] (TCenter1.Create)Listen Port ÔOžé 6211
2023-03-17 09:22:12  [          ] (TCenter1.Create)Create Start
2023-03-17 09:22:12  [          ] (TThreadTCPServerPCClient.ServerSocketListen)TCP/IP Server Listening with :6211
2023-03-17 09:22:12  [          ] (TCenter1.Create)Create Over
2023-03-17 09:22:12  [          ] (SajetTransStartType)Function Execute Over
2023-03-17 09:37:45  [          ] File    : D:\AOI_Reduce_Axis\MyTools\bin\x64\Debug\MyTools.vshost.exe
2023-03-17 09:37:45  [          ] Version : 14.0.23107.0
2023-03-17 09:37:45  [          ] (TCenter1.Create)Listen Port ÔOžé 6211
2023-03-17 09:37:45  [          ] (TCenter1.Create)Create Start
2023-03-17 09:37:45  [          ] (TThreadTCPServerPCClient.ServerSocketListen)TCP/IP Server Listening with :6211
2023-03-17 09:37:45  [          ] (TCenter1.Create)Create Over
2023-03-17 09:37:45  [          ] (SajetTransStartType)Function Execute Over
