2023-03-15 11:33:46  [          ] File    : D:\AOI_Reduce_Axis\MyTools\bin\x64\Debug\MyTools.vshost.exe
2023-03-15 11:33:46  [          ] Version : 14.0.23107.0
2023-03-15 11:33:46  [          ] (TCenter1.Create)Listen Port ÔOžé 6211
2023-03-15 11:33:46  [          ] (TCenter1.Create)Create Start
2023-03-15 11:33:46  [          ] (TThreadTCPServerPCClient.ServerSocketListen)TCP/IP Server Listening with :6211
2023-03-15 11:33:46  [          ] (TCenter1.Create)Create Over
2023-03-15 11:33:46  [          ] (SajetTransStartType)Function Execute Over
2023-03-15 11:44:31  [          ] File    : D:\AOI_Reduce_Axis\MyTools\bin\x64\Debug\MyTools.vshost.exe
2023-03-15 11:44:31  [          ] Version : 14.0.23107.0
2023-03-15 11:44:31  [          ] (TCenter1.Create)Listen Port ÔOžé 6211
2023-03-15 11:44:31  [          ] (TCenter1.Create)Create Start
2023-03-15 11:44:31  [          ] (TThreadTCPServerPCClient.ServerSocketListen)TCP/IP Server Listening with :6211
2023-03-15 11:44:31  [          ] (TCenter1.Create)Create Over
2023-03-15 11:44:31  [          ] (SajetTransStartType)Function Execute Over
2023-03-15 11:51:25  [          ] File    : D:\AOI_Reduce_Axis\MyTools\bin\x64\Debug\MyTools.vshost.exe
2023-03-15 11:51:25  [          ] Version : 14.0.23107.0
2023-03-15 11:51:25  [          ] (TCenter1.Create)Listen Port ÔOžé 6211
2023-03-15 11:51:25  [          ] (TCenter1.Create)Create Start
2023-03-15 11:51:25  [          ] (TThreadTCPServerPCClient.ServerSocketListen)TCP/IP Server Listening with :6211
2023-03-15 11:51:25  [          ] (TCenter1.Create)Create Over
2023-03-15 11:51:25  [          ] (SajetTransStartType)Function Execute Over
