2023-03-13 16:09:47  [          ] File    : D:\AOI_Reduce_Axis\MyTools\bin\x64\Debug\MyTools.vshost.exe
2023-03-13 16:09:47  [          ] Version : 14.0.23107.0
2023-03-13 16:09:47  [          ] (TCenter1.Create)Listen Port ÔOžé 6211
2023-03-13 16:09:47  [          ] (TCenter1.Create)Create Start
2023-03-13 16:09:47  [          ] (TThreadTCPServerPCClient.ServerSocketListen)TCP/IP Server Listening with :6211
2023-03-13 16:09:47  [          ] (TCenter1.Create)Create Over
2023-03-13 16:09:47  [          ] (SajetTransStartType)Function Execute Over
2023-03-13 16:15:39  [          ] File    : D:\AOI_Reduce_Axis\MyTools\bin\x64\Debug\MyTools.vshost.exe
2023-03-13 16:15:39  [          ] Version : 14.0.23107.0
2023-03-13 16:15:39  [          ] (TCenter1.Create)Listen Port ÔOžé 6211
2023-03-13 16:15:39  [          ] (TCenter1.Create)Create Start
2023-03-13 16:15:39  [          ] (TThreadTCPServerPCClient.ServerSocketListen)TCP/IP Server Listening with :6211
2023-03-13 16:15:39  [          ] (TCenter1.Create)Create Over
2023-03-13 16:15:39  [          ] (SajetTransStartType)Function Execute Over
2023-03-13 16:20:11  [          ] File    : D:\AOI_Reduce_Axis\MyTools\bin\x64\Debug\MyTools.vshost.exe
2023-03-13 16:20:11  [          ] Version : 14.0.23107.0
2023-03-13 16:20:11  [          ] (TCenter1.Create)Listen Port ÔOžé 6211
2023-03-13 16:20:11  [          ] (TCenter1.Create)Create Start
2023-03-13 16:20:11  [          ] (TThreadTCPServerPCClient.ServerSocketListen)TCP/IP Server Listening with :6211
2023-03-13 16:20:11  [          ] (TCenter1.Create)Create Over
2023-03-13 16:20:11  [          ] (SajetTransStartType)Function Execute Over
2023-03-13 16:23:19  [          ] File    : D:\AOI_Reduce_Axis\MyTools\bin\x64\Debug\MyTools.vshost.exe
2023-03-13 16:23:19  [          ] Version : 14.0.23107.0
2023-03-13 16:23:19  [          ] (TCenter1.Create)Listen Port ÔOžé 6211
2023-03-13 16:23:19  [          ] (TCenter1.Create)Create Start
2023-03-13 16:23:19  [          ] (TThreadTCPServerPCClient.ServerSocketListen)TCP/IP Server Listening with :6211
2023-03-13 16:23:19  [          ] (TCenter1.Create)Create Over
2023-03-13 16:23:19  [          ] (SajetTransStartType)Function Execute Over
