2023-03-10 09:34:07  [          ] File    : E:\2328-334&407&500\AOI\AOI_Reduce_Axis\MyTools\bin\x64\Debug\MyTools.exe
2023-03-10 09:34:07  [          ] Version : 1.0.0.0
2023-03-10 09:34:07  [          ] (TCenter1.Create)Listen Port ÔOžé 6211
2023-03-10 09:34:07  [          ] (TCenter1.Create)Create Start
2023-03-10 09:34:07  [          ] (TThreadTCPServerPCClient.ServerSocketListen)TCP/IP Server Listening with :6211
2023-03-10 09:34:07  [          ] (TCenter1.Create)Create Over
2023-03-10 09:34:07  [          ] (SajetTransStartType)Function Execute Over
2023-03-10 09:35:44  [          ] File    : E:\2328-334&407&500\AOI\AOI_Reduce_Axis\MyTools\bin\x64\Debug\MyTools.exe
2023-03-10 09:35:44  [          ] Version : 1.0.0.0
2023-03-10 09:35:44  [          ] (TCenter1.Create)Listen Port ÔOžé 6211
2023-03-10 09:35:44  [          ] (TCenter1.Create)Create Start
2023-03-10 09:35:44  [          ] (TThreadTCPServerPCClient.ServerSocketListen)TCP/IP Server Listening with :6211
2023-03-10 09:35:44  [          ] (TCenter1.Create)Create Over
2023-03-10 09:35:44  [          ] (SajetTransStartType)Function Execute Over
2023-03-10 09:46:15  [          ] File    : E:\2328-334&407&500\AOI\AOI_Reduce_Axis\MyTools\bin\x64\Debug\MyTools.exe
2023-03-10 09:46:15  [          ] Version : 1.0.0.0
2023-03-10 09:46:15  [          ] (TCenter1.Create)Listen Port ÔOžé 6211
2023-03-10 09:46:15  [          ] (TCenter1.Create)Create Start
2023-03-10 09:46:15  [          ] (TThreadTCPServerPCClient.ServerSocketListen)TCP/IP Server Listening with :6211
2023-03-10 09:46:15  [          ] (TCenter1.Create)Create Over
2023-03-10 09:46:15  [          ] (SajetTransStartType)Function Execute Over
