2023-03-17 14:18:39  [          ] File    : D:\AOI_Reduce_Axis\MyTools\bin\x64\Debug\MyTools.vshost.exe
2023-03-17 14:18:39  [          ] Version : 14.0.23107.0
2023-03-17 14:18:39  [          ] (TCenter1.Create)Listen Port ÔOžé 6211
2023-03-17 14:18:39  [          ] (TCenter1.Create)Create Start
2023-03-17 14:18:39  [          ] (TThreadTCPServerPCClient.ServerSocketListen)TCP/IP Server Listening with :6211
2023-03-17 14:18:39  [          ] (TCenter1.Create)Create Over
2023-03-17 14:18:39  [          ] (SajetTransStartType)Function Execute Over
2023-03-17 14:18:58  [          ] SajetTransClose±»ºô½Ð
2023-03-17 14:18:58  [          ] (TCenter1.Destroy)Destroy Start
2023-03-17 14:18:58  [          ] (TThreadTCPServerPCClient.Destroy)Cloes TCP/IP Server Start
2023-03-17 14:18:58  [          ] (TThreadTCPServerPCClient.Destroy)Cloes TCP/IP Server Over
2023-03-17 14:18:58  [          ] (TThreadTCPServerRsv.Destroy)Destroy Send Thread Start
2023-03-17 14:18:58  [          ] (TCenter1.Destroy)Destroy Over
2023-03-17 14:18:58  [          ] (TThreadTCPServerRsv.Destroy)Destroy Send Thread Over
2023-03-17 14:19:09  [          ] File    : D:\AOI_Reduce_Axis\MyTools\bin\x64\Debug\MyTools.vshost.exe
2023-03-17 14:19:09  [          ] Version : 14.0.23107.0
2023-03-17 14:19:09  [          ] (TCenter1.Create)Listen Port ÔOžé 6211
2023-03-17 14:19:09  [          ] (TCenter1.Create)Create Start
2023-03-17 14:19:09  [          ] (TThreadTCPServerPCClient.ServerSocketListen)TCP/IP Server Listening with :6211
2023-03-17 14:19:09  [          ] (TCenter1.Create)Create Over
2023-03-17 14:19:09  [          ] (SajetTransStartType)Function Execute Over
2023-03-17 14:19:11  [          ] SajetTransClose±»ºô½Ð
2023-03-17 14:19:11  [          ] (TCenter1.Destroy)Destroy Start
2023-03-17 14:19:11  [          ] (TThreadTCPServerPCClient.Destroy)Cloes TCP/IP Server Start
2023-03-17 14:19:11  [          ] (TThreadTCPServerPCClient.Destroy)Cloes TCP/IP Server Over
2023-03-17 14:19:11  [          ] (TCenter1.Destroy)Destroy Over
2023-03-17 14:19:11  [          ] (TThreadTCPServerRsv.Destroy)Destroy Send Thread Start
2023-03-17 14:19:11  [          ] (TThreadTCPServerRsv.Destroy)Destroy Send Thread Over
2023-03-17 14:19:18  [          ] File    : D:\AOI_Reduce_Axis\MyTools\bin\x64\Debug\MyTools.vshost.exe
2023-03-17 14:19:18  [          ] Version : 14.0.23107.0
2023-03-17 14:19:18  [          ] (TCenter1.Create)Listen Port ÔOžé 6211
2023-03-17 14:19:18  [          ] (TCenter1.Create)Create Start
2023-03-17 14:19:18  [          ] (TThreadTCPServerPCClient.ServerSocketListen)TCP/IP Server Listening with :6211
2023-03-17 14:19:18  [          ] (TCenter1.Create)Create Over
2023-03-17 14:19:18  [          ] (SajetTransStartType)Function Execute Over
2023-03-17 14:19:19  [          ] SajetTransClose±»ºô½Ð
2023-03-17 14:19:19  [          ] (TCenter1.Destroy)Destroy Start
2023-03-17 14:19:19  [          ] (TThreadTCPServerPCClient.Destroy)Cloes TCP/IP Server Start
2023-03-17 14:19:19  [          ] (TThreadTCPServerPCClient.Destroy)Cloes TCP/IP Server Over
2023-03-17 14:19:19  [          ] (TCenter1.Destroy)Destroy Over
2023-03-17 14:19:19  [          ] (TThreadTCPServerRsv.Destroy)Destroy Send Thread Start
2023-03-17 14:19:19  [          ] (TThreadTCPServerRsv.Destroy)Destroy Send Thread Over
2023-03-17 14:21:43  [          ] File    : D:\AOI_Reduce_Axis\MyTools\bin\x64\Debug\MyTools.vshost.exe
2023-03-17 14:21:43  [          ] Version : 14.0.23107.0
2023-03-17 14:21:43  [          ] (TCenter1.Create)Listen Port ÔOžé 6211
2023-03-17 14:21:43  [          ] (TCenter1.Create)Create Start
2023-03-17 14:21:43  [          ] (TThreadTCPServerPCClient.ServerSocketListen)TCP/IP Server Listening with :6211
2023-03-17 14:21:43  [          ] (TCenter1.Create)Create Over
2023-03-17 14:21:43  [          ] (SajetTransStartType)Function Execute Over
2023-03-17 14:22:04  [          ] SajetTransClose±»ºô½Ð
2023-03-17 14:22:04  [          ] (TCenter1.Destroy)Destroy Start
2023-03-17 14:22:04  [          ] (TThreadTCPServerPCClient.Destroy)Cloes TCP/IP Server Start
2023-03-17 14:22:04  [          ] (TThreadTCPServerPCClient.Destroy)Cloes TCP/IP Server Over
2023-03-17 14:22:04  [          ] (TThreadTCPServerRsv.Destroy)Destroy Send Thread Start
2023-03-17 14:22:04  [          ] (TCenter1.Destroy)Destroy Over
2023-03-17 14:22:04  [          ] (TThreadTCPServerRsv.Destroy)Destroy Send Thread Over
2023-03-17 14:25:58  [          ] File    : D:\AOI_Reduce_Axis\MyTools\bin\x64\Debug\MyTools.vshost.exe
2023-03-17 14:25:58  [          ] Version : 14.0.23107.0
2023-03-17 14:25:58  [          ] (TCenter1.Create)Listen Port ÔOžé 6211
2023-03-17 14:25:58  [          ] (TCenter1.Create)Create Start
2023-03-17 14:25:58  [          ] (TThreadTCPServerPCClient.ServerSocketListen)TCP/IP Server Listening with :6211
2023-03-17 14:25:58  [          ] (TCenter1.Create)Create Over
2023-03-17 14:25:58  [          ] (SajetTransStartType)Function Execute Over
2023-03-17 14:26:46  [          ] SajetTransClose±»ºô½Ð
2023-03-17 14:26:46  [          ] (TCenter1.Destroy)Destroy Start
2023-03-17 14:26:46  [          ] (TThreadTCPServerPCClient.Destroy)Cloes TCP/IP Server Start
2023-03-17 14:26:46  [          ] (TThreadTCPServerPCClient.Destroy)Cloes TCP/IP Server Over
2023-03-17 14:26:46  [          ] (TCenter1.Destroy)Destroy Over
2023-03-17 14:26:46  [          ] (TThreadTCPServerRsv.Destroy)Destroy Send Thread Start
2023-03-17 14:26:46  [          ] (TThreadTCPServerRsv.Destroy)Destroy Send Thread Over
2023-03-17 14:26:48  [          ] File    : D:\AOI_Reduce_Axis\MyTools\bin\x64\Debug\MyTools.vshost.exe
2023-03-17 14:26:48  [          ] Version : 14.0.23107.0
2023-03-17 14:26:48  [          ] (TCenter1.Create)Listen Port ÔOžé 6211
2023-03-17 14:26:48  [          ] (TCenter1.Create)Create Start
2023-03-17 14:26:48  [          ] (TThreadTCPServerPCClient.ServerSocketListen)TCP/IP Server Listening with :6211
2023-03-17 14:26:48  [          ] (TCenter1.Create)Create Over
2023-03-17 14:26:48  [          ] (SajetTransStartType)Function Execute Over
2023-03-17 14:40:39  [          ] File    : D:\AOI_Reduce_Axis\MyTools\bin\x64\Debug\MyTools.vshost.exe
2023-03-17 14:40:39  [          ] Version : 14.0.23107.0
2023-03-17 14:40:39  [          ] (TCenter1.Create)Listen Port ÔOžé 6211
2023-03-17 14:40:39  [          ] (TCenter1.Create)Create Start
2023-03-17 14:40:39  [          ] (TThreadTCPServerPCClient.ServerSocketListen)TCP/IP Server Listening with :6211
2023-03-17 14:40:39  [          ] (TCenter1.Create)Create Over
2023-03-17 14:40:39  [          ] (SajetTransStartType)Function Execute Over
2023-03-17 14:40:45  [          ] SajetTransClose±»ºô½Ð
2023-03-17 14:40:45  [          ] (TCenter1.Destroy)Destroy Start
2023-03-17 14:40:45  [          ] (TThreadTCPServerPCClient.Destroy)Cloes TCP/IP Server Start
2023-03-17 14:40:45  [          ] (TThreadTCPServerPCClient.Destroy)Cloes TCP/IP Server Over
2023-03-17 14:40:45  [          ] (TCenter1.Destroy)Destroy Over
2023-03-17 14:40:45  [          ] (TThreadTCPServerRsv.Destroy)Destroy Send Thread Start
2023-03-17 14:40:45  [          ] (TThreadTCPServerRsv.Destroy)Destroy Send Thread Over
