2023-03-08 16:34:58  [          ] File    : E:\2328-334&407&500\AOI\AOI\MyTools\bin\Debug\MyTools.exe
2023-03-08 16:34:58  [          ] Version : 1.0.0.0
2023-03-08 16:34:58  [          ] (TCenter1.Create)Listen Port ÔOžé 6211
2023-03-08 16:34:58  [          ] (TCenter1.Create)Create Start
2023-03-08 16:34:58  [          ] (TThreadTCPServerPCClient.ServerSocketListen)TCP/IP Server Listening with :6211
2023-03-08 16:34:58  [          ] (TCenter1.Create)Create Over
2023-03-08 16:34:58  [          ] (SajetTransStartType)Function Execute Over
2023-03-08 16:38:11  [          ] SajetTransClose±»ºô½Ð
2023-03-08 16:38:11  [          ] (TCenter1.Destroy)Destroy Start
2023-03-08 16:38:11  [          ] (TThreadTCPServerPCClient.Destroy)Cloes TCP/IP Server Start
2023-03-08 16:38:11  [          ] (TThreadTCPServerPCClient.Destroy)Cloes TCP/IP Server Over
2023-03-08 16:38:11  [          ] (TCenter1.Destroy)Destroy Over
2023-03-08 16:38:11  [          ] (TThreadTCPServerRsv.Destroy)Destroy Send Thread Start
2023-03-08 16:45:36  [          ] File    : E:\2328-334&407&500\AOI\AOI\MyTools\bin\Debug\MyTools.exe
2023-03-08 16:45:36  [          ] Version : 1.0.0.0
2023-03-08 16:45:36  [          ] (TCenter1.Create)Listen Port ÔOžé 6211
2023-03-08 16:45:36  [          ] (TCenter1.Create)Create Start
2023-03-08 16:45:36  [          ] (TThreadTCPServerPCClient.ServerSocketListen)TCP/IP Server Listening with :6211
2023-03-08 16:45:36  [          ] (TCenter1.Create)Create Over
2023-03-08 16:45:36  [          ] (SajetTransStartType)Function Execute Over
2023-03-08 16:50:09  [          ] File    : E:\2328-334&407&500\AOI\AOI\MyTools\bin\Debug\MyTools.exe
2023-03-08 16:50:09  [          ] Version : 1.0.0.0
2023-03-08 16:50:09  [          ] (TCenter1.Create)Listen Port ÔOžé 6211
2023-03-08 16:50:09  [          ] (TCenter1.Create)Create Start
2023-03-08 16:50:09  [          ] (TThreadTCPServerPCClient.ServerSocketListen)TCP/IP Server Listening with :6211
2023-03-08 16:50:09  [          ] (TCenter1.Create)Create Over
2023-03-08 16:50:09  [          ] (SajetTransStartType)Function Execute Over
2023-03-08 16:53:39  [          ] SajetTransClose±»ºô½Ð
2023-03-08 16:53:39  [          ] (TCenter1.Destroy)Destroy Start
2023-03-08 16:53:39  [          ] (TThreadTCPServerPCClient.Destroy)Cloes TCP/IP Server Start
2023-03-08 16:53:39  [          ] (TThreadTCPServerPCClient.Destroy)Cloes TCP/IP Server Over
2023-03-08 16:53:39  [          ] (TThreadTCPServerRsv.Destroy)Destroy Send Thread Start
2023-03-08 16:53:39  [          ] (TCenter1.Destroy)Destroy Over
2023-03-08 16:53:39  [          ] (TThreadTCPServerRsv.Destroy)Destroy Send Thread Over
