2023-03-09 19:15:12  [          ] File    : E:\2328-334&407&500\AOI\AOI_Reduce_Axis\MyTools\bin\x64\Debug\MyTools.exe
2023-03-09 19:15:12  [          ] Version : 1.0.0.0
2023-03-09 19:15:12  [          ] (TCenter1.Create)Listen Port ÔOžé 6211
2023-03-09 19:15:12  [          ] (TCenter1.Create)Create Start
2023-03-09 19:15:12  [          ] (TThreadTCPServerPCClient.ServerSocketListen)TCP/IP Server Listening with :6211
2023-03-09 19:15:12  [          ] (TCenter1.Create)Create Over
2023-03-09 19:15:12  [          ] (SajetTransStartType)Function Execute Over
2023-03-09 19:15:29  [          ] SajetTransClose±»ºô½Ð
2023-03-09 19:15:29  [          ] (TCenter1.Destroy)Destroy Start
2023-03-09 19:15:29  [          ] (TThreadTCPServerPCClient.Destroy)Cloes TCP/IP Server Start
2023-03-09 19:15:29  [          ] (TThreadTCPServerPCClient.Destroy)Cloes TCP/IP Server Over
2023-03-09 19:15:29  [          ] (TThreadTCPServerRsv.Destroy)Destroy Send Thread Start
2023-03-09 19:15:29  [          ] (TCenter1.Destroy)Destroy Over
2023-03-09 19:15:29  [          ] (TThreadTCPServerRsv.Destroy)Destroy Send Thread Over
2023-03-09 19:19:11  [          ] File    : E:\2328-334&407&500\AOI\AOI_Reduce_Axis\MyTools\bin\x64\Debug\MyTools.exe
2023-03-09 19:19:11  [          ] Version : 1.0.0.0
2023-03-09 19:19:11  [          ] (TCenter1.Create)Listen Port ÔOžé 6211
2023-03-09 19:19:11  [          ] (TCenter1.Create)Create Start
2023-03-09 19:19:11  [          ] (TThreadTCPServerPCClient.ServerSocketListen)TCP/IP Server Listening with :6211
2023-03-09 19:19:11  [          ] (TCenter1.Create)Create Over
2023-03-09 19:19:11  [          ] (SajetTransStartType)Function Execute Over
2023-03-09 19:26:28  [          ] File    : E:\2328-334&407&500\AOI\AOI_Reduce_Axis\MyTools\bin\x64\Debug\MyTools.exe
2023-03-09 19:26:28  [          ] Version : 1.0.0.0
2023-03-09 19:26:28  [          ] (TCenter1.Create)Listen Port ÔOžé 6211
2023-03-09 19:26:28  [          ] (TCenter1.Create)Create Start
2023-03-09 19:26:28  [          ] (TThreadTCPServerPCClient.ServerSocketListen)TCP/IP Server Listening with :6211
2023-03-09 19:26:28  [          ] (TCenter1.Create)Create Over
2023-03-09 19:26:28  [          ] (SajetTransStartType)Function Execute Over
