2023-03-14 16:13:25  [          ] File    : D:\AOI_Reduce_Axis\MyTools\bin\x64\Debug\MyTools.vshost.exe
2023-03-14 16:13:25  [          ] Version : 14.0.23107.0
2023-03-14 16:13:25  [          ] (TCenter1.Create)Listen Port ÔOžé 6211
2023-03-14 16:13:25  [          ] (TCenter1.Create)Create Start
2023-03-14 16:13:25  [          ] (TThreadTCPServerPCClient.ServerSocketListen)TCP/IP Server Listening with :6211
2023-03-14 16:13:25  [          ] (TCenter1.Create)Create Over
2023-03-14 16:13:25  [          ] (SajetTransStartType)Function Execute Over
2023-03-14 16:43:17  [          ] File    : D:\AOI_Reduce_Axis\MyTools\bin\x64\Debug\MyTools.vshost.exe
2023-03-14 16:43:17  [          ] Version : 14.0.23107.0
2023-03-14 16:43:17  [          ] (TCenter1.Create)Listen Port ÔOžé 6211
2023-03-14 16:43:17  [          ] (TCenter1.Create)Create Start
2023-03-14 16:43:17  [          ] (TThreadTCPServerPCClient.ServerSocketListen)TCP/IP Server Listening with :6211
2023-03-14 16:43:17  [          ] (TCenter1.Create)Create Over
2023-03-14 16:43:17  [          ] (SajetTransStartType)Function Execute Over
2023-03-14 16:46:18  [          ] File    : D:\AOI_Reduce_Axis\MyTools\bin\x64\Debug\MyTools.vshost.exe
2023-03-14 16:46:18  [          ] Version : 14.0.23107.0
2023-03-14 16:46:18  [          ] (TCenter1.Create)Listen Port ÔOžé 6211
2023-03-14 16:46:18  [          ] (TCenter1.Create)Create Start
2023-03-14 16:46:18  [          ] (TThreadTCPServerPCClient.ServerSocketListen)TCP/IP Server Listening with :6211
2023-03-14 16:46:18  [          ] (TCenter1.Create)Create Over
2023-03-14 16:46:18  [          ] (SajetTransStartType)Function Execute Over
