2023-03-08 18:09:39  [          ] File    : E:\2328-334&407&500\AOI\AOI\MyTools\bin\Debug\MyTools.exe
2023-03-08 18:09:39  [          ] Version : 1.0.0.0
2023-03-08 18:09:39  [          ] (TCenter1.Create)Listen Port ÔOžé 6211
2023-03-08 18:09:39  [          ] (TCenter1.Create)Create Start
2023-03-08 18:09:39  [          ] (TThreadTCPServerPCClient.ServerSocketListen)TCP/IP Server Listening with :6211
2023-03-08 18:09:39  [          ] (TCenter1.Create)Create Over
2023-03-08 18:09:39  [          ] (SajetTransStartType)Function Execute Over
2023-03-08 18:12:43  [          ] File    : E:\2328-334&407&500\AOI\AOI\MyTools\bin\Debug\MyTools.exe
2023-03-08 18:12:43  [          ] Version : 1.0.0.0
2023-03-08 18:12:43  [          ] (TCenter1.Create)Listen Port ÔOžé 6211
2023-03-08 18:12:43  [          ] (TCenter1.Create)Create Start
2023-03-08 18:12:43  [          ] (TThreadTCPServerPCClient.ServerSocketListen)TCP/IP Server Listening with :6211
2023-03-08 18:12:43  [          ] (TCenter1.Create)Create Over
2023-03-08 18:12:43  [          ] (SajetTransStartType)Function Execute Over
2023-03-08 18:13:50  [          ] File    : E:\2328-334&407&500\AOI\AOI\MyTools\bin\Debug\MyTools.exe
2023-03-08 18:13:50  [          ] Version : 1.0.0.0
2023-03-08 18:13:50  [          ] (TCenter1.Create)Listen Port ÔOžé 6211
2023-03-08 18:13:50  [          ] (TCenter1.Create)Create Start
2023-03-08 18:13:50  [          ] (TThreadTCPServerPCClient.ServerSocketListen)TCP/IP Server Listening with :6211
2023-03-08 18:13:50  [          ] (TCenter1.Create)Create Over
2023-03-08 18:13:50  [          ] (SajetTransStartType)Function Execute Over
